Traceback (most recent call last):
  File "C:\Users\yueroutang\anaconda3\envs\book\Lib\site-packages\jupyter_cache\executors\utils.py", line 58, in single_nb_execution
    executenb(
  File "C:\Users\yueroutang\anaconda3\envs\book\Lib\site-packages\nbclient\client.py", line 1314, in execute
    return NotebookClient(nb=nb, resources=resources, km=km, **kwargs).execute()
           ^^^^^^^^^^^^^^^^^^^^^^^^^^^^^^^^^^^^^^^^^^^^^^^^^^^^^^^^^^^^^^^^^^^^^
  File "C:\Users\yueroutang\anaconda3\envs\book\Lib\site-packages\jupyter_core\utils\__init__.py", line 165, in wrapped
    return loop.run_until_complete(inner)
           ^^^^^^^^^^^^^^^^^^^^^^^^^^^^^^
  File "C:\Users\yueroutang\anaconda3\envs\book\Lib\asyncio\base_events.py", line 687, in run_until_complete
    return future.result()
           ^^^^^^^^^^^^^^^
  File "C:\Users\yueroutang\anaconda3\envs\book\Lib\site-packages\nbclient\client.py", line 709, in async_execute
    await self.async_execute_cell(
  File "C:\Users\yueroutang\anaconda3\envs\book\Lib\site-packages\nbclient\client.py", line 1062, in async_execute_cell
    await self._check_raise_for_error(cell, cell_index, exec_reply)
  File "C:\Users\yueroutang\anaconda3\envs\book\Lib\site-packages\nbclient\client.py", line 918, in _check_raise_for_error
    raise CellExecutionError.from_cell_and_msg(cell, exec_reply_content)
nbclient.exceptions.CellExecutionError: An error occurred while executing the following cell:
------------------
try:
    import google.colab # noqa
    in_colab = True
except ImportError:
    in_colab = False
if not in_colab:
    raise RuntimeError("This script is only meant to be run from Google "
                       "Colab. You can skip it if you run the tutorials "
                       "on your machine.")
------------------


[1;31m---------------------------------------------------------------------------[0m
[1;31mRuntimeError[0m                              Traceback (most recent call last)
Cell [1;32mIn[3], line 7[0m
[0;32m      5[0m     in_colab [38;5;241m=[39m [38;5;28;01mFalse[39;00m
[0;32m      6[0m [38;5;28;01mif[39;00m [38;5;129;01mnot[39;00m in_colab:
[1;32m----> 7[0m     [38;5;28;01mraise[39;00m [38;5;167;01mRuntimeError[39;00m([38;5;124m"[39m[38;5;124mThis script is only meant to be run from Google [39m[38;5;124m"[39m
[0;32m      8[0m                        [38;5;124m"[39m[38;5;124mColab. You can skip it if you run the tutorials [39m[38;5;124m"[39m
[0;32m      9[0m                        [38;5;124m"[39m[38;5;124mon your machine.[39m[38;5;124m"[39m)

[1;31mRuntimeError[0m: This script is only meant to be run from Google Colab. You can skip it if you run the tutorials on your machine.

